{"target": 0.8526352555088728, "params": {"depth": 4.2472407130841745, "iterations": 1450.7143064099162, "l2_leaf_reg": 3.9279757672456204, "learning_rate": 0.6106987296711255}, "datetime": {"datetime": "2022-05-01 07:34:41", "elapsed": 0.0, "delta": 0.0}}
{"target": 0.8486619636195127, "params": {"depth": 2.9361118426546193, "iterations": 655.9945203362026, "l2_leaf_reg": 1.2323344486727978, "learning_rate": 0.8701908614016871}, "datetime": {"datetime": "2022-05-01 07:36:12", "elapsed": 91.078742, "delta": 91.078742}}
{"target": 0.8365135223476315, "params": {"depth": 5.606690070459253, "iterations": 1208.0725777960456, "l2_leaf_reg": 1.0823379771832098, "learning_rate": 0.9708125565971345}, "datetime": {"datetime": "2022-05-01 07:39:39", "elapsed": 298.457146, "delta": 207.378404}}
{"target": 0.8544432101649233, "params": {"depth": 6.99465584480253, "iterations": 712.3391106782761, "l2_leaf_reg": 1.7272998688284025, "learning_rate": 0.2079023745578308}, "datetime": {"datetime": "2022-05-01 07:42:03", "elapsed": 441.925763, "delta": 143.468617}}
{"target": 0.851601575690702, "params": {"depth": 3.8254534577572263, "iterations": 1024.7564316322378, "l2_leaf_reg": 2.727780074568463, "learning_rate": 0.31249226599210067}, "datetime": {"datetime": "2022-05-01 07:44:31", "elapsed": 590.218574, "delta": 148.292811}}
{"target": 0.8521824467868246, "params": {"depth": 6.0991871041099825, "iterations": 711.3666438151131, "l2_leaf_reg": 1.1589166134587634, "learning_rate": 0.1727842213153511}, "datetime": {"datetime": "2022-05-01 07:46:40", "elapsed": 719.714173, "delta": 129.495599}}
{"target": 0.845386183623346, "params": {"depth": 6.880506331781987, "iterations": 718.3015348895028, "l2_leaf_reg": 3.917688554574191, "learning_rate": 0.06244556316515249}, "datetime": {"datetime": "2022-05-01 07:49:04", "elapsed": 863.26884, "delta": 143.554667}}
{"target": 0.8465352689847727, "params": {"depth": 7.570967805652828, "iterations": 709.5563473051592, "l2_leaf_reg": 4.178357893048297, "learning_rate": 0.5617898098546867}, "datetime": {"datetime": "2022-05-01 07:51:49", "elapsed": 1027.94159, "delta": 164.67275}}
{"target": 0.8507421548757259, "params": {"depth": 5.324830562968818, "iterations": 714.6353894928963, "l2_leaf_reg": 1.5049490971950092, "learning_rate": 0.223169993238046}, "datetime": {"datetime": "2022-05-01 07:53:47", "elapsed": 1145.980926, "delta": 118.039336}}
{"target": 0.8550878320622892, "params": {"depth": 7.3537695556687135, "iterations": 1453.4353438860608, "l2_leaf_reg": 3.803259763691395, "learning_rate": 0.10331742371295088}, "datetime": {"datetime": "2022-05-01 07:58:23", "elapsed": 1422.601712, "delta": 276.620786}}
{"target": 0.8544695441360742, "params": {"depth": 5.054130424782384, "iterations": 1455.5976319392312, "l2_leaf_reg": 1.4310436959576425, "learning_rate": 0.36022135535407285}, "datetime": {"datetime": "2022-05-01 08:02:38", "elapsed": 1677.160883, "delta": 254.559171}}
{"target": 0.8388831781114743, "params": {"depth": 6.936513832886575, "iterations": 1458.3508109536872, "l2_leaf_reg": 4.586736838972798, "learning_rate": 0.7487105730691332}, "datetime": {"datetime": "2022-05-01 08:10:22", "elapsed": 2141.436827, "delta": 464.275944}}
{"target": 0.8483793746306556, "params": {"depth": 4.557130460634778, "iterations": 1452.8159265355566, "l2_leaf_reg": 2.2059120240840535, "learning_rate": 0.0799251772373121}, "datetime": {"datetime": "2022-05-01 08:14:11", "elapsed": 2369.872888, "delta": 228.436061}}
{"target": 0.825691634130969, "params": {"depth": 7.810137092443227, "iterations": 1453.617280460275, "l2_leaf_reg": 2.0001305454066483, "learning_rate": 0.9696394402686066}, "datetime": {"datetime": "2022-05-01 08:19:32", "elapsed": 2691.068153, "delta": 321.195265}}
{"target": 0.8516949062397119, "params": {"depth": 6.822234504719908, "iterations": 712.3751965613925, "l2_leaf_reg": 2.5878327404367805, "learning_rate": 0.11643328443506136}, "datetime": {"datetime": "2022-05-01 08:21:55", "elapsed": 2834.60313, "delta": 143.534977}}
